<?xml version="1.0" encoding="UTF-8"?>
<!-- Generated by org.testng.reporters.JUnitXMLReporter -->
<testsuite ignored="0" hostname="DESKTOP-SK71CD5" failures="2" tests="2" name="Homepage1" time="16.178" errors="0" timestamp="2020-12-14T22:49:33 IST">
  <testcase classname="AcademyProject.End2End.Homepage1" name="banner" time="0.003">
    <failure type="java.lang.NullPointerException">
      <![CDATA[java.lang.NullPointerException
at PageObjectPattern.LandingPage.getTitle(LandingPage.java:35)
at AcademyProject.End2End.Homepage1.banner(Homepage1.java:43)
at java.base/java.util.ArrayList.forEach(ArrayList.java:1541)
at java.base/java.util.concurrent.FutureTask.run(FutureTask.java:264)
at java.base/java.util.concurrent.ThreadPoolExecutor.runWorker(ThreadPoolExecutor.java:1128)
at java.base/java.util.concurrent.ThreadPoolExecutor$Worker.run(ThreadPoolExecutor.java:628)
at java.base/java.lang.Thread.run(Thread.java:834)
... Removed 18 stack frames]]>
    </failure>
  </testcase> <!-- banner -->
  <testcase classname="AcademyProject.End2End.Homepage1" name="homPageNavigation" time="0.006">
    <failure type="java.lang.NullPointerException">
      <![CDATA[java.lang.NullPointerException
at PageObjectPattern.LandingPage.getTitle(LandingPage.java:35)
at AcademyProject.End2End.Homepage1.homPageNavigation(Homepage1.java:37)
at java.base/java.util.ArrayList.forEach(ArrayList.java:1541)
at java.base/java.util.concurrent.FutureTask.run(FutureTask.java:264)
at java.base/java.util.concurrent.ThreadPoolExecutor.runWorker(ThreadPoolExecutor.java:1128)
at java.base/java.util.concurrent.ThreadPoolExecutor$Worker.run(ThreadPoolExecutor.java:628)
at java.base/java.lang.Thread.run(Thread.java:834)
... Removed 18 stack frames]]>
    </failure>
  </testcase> <!-- homPageNavigation -->
</testsuite> <!-- Homepage1 -->
