<?xml version="1.0" encoding="UTF-8"?>
<!-- Generated by org.testng.reporters.JUnitXMLReporter -->
<testsuite ignored="0" hostname="DESKTOP-SK71CD5" failures="0" tests="4" name="Test" time="24.696" errors="0" timestamp="2020-12-07T22:24:56 IST">
  <testcase classname="AcademyProject.End2End.validationNavigationBar" name="homPageNavigation" time="0.099"/>
  <testcase classname="AcademyProject.End2End.Homepage1" name="homPageNavigation" time="0.052"/>
  <testcase classname="AcademyProject.End2End.Homepage" name="homPageNavigation" time="5.204"/>
  <testcase classname="AcademyProject.End2End.Homepage" name="homPageNavigation" time="1.453"/>
</testsuite> <!-- Test -->
